<?xml version="1.0" encoding="UTF-8"?>
<testng-results ignored="0" total="1" passed="1" failed="0" skipped="0">
  <reporter-output>
  </reporter-output>
  <suite started-at="2023-05-23T11:39:53 IST" name="Gooogle Suite" finished-at="2023-05-23T11:40:36 IST" duration-ms="43311">
    <groups>
    </groups>
    <test started-at="2023-05-23T11:39:53 IST" name="Google Test" finished-at="2023-05-23T11:40:36 IST" duration-ms="43311">
      <class name="a1_googleTest.A1_GoogleTest">
        <test-method signature="validateGoogle()[pri:0, instance:a1_googleTest.A1_GoogleTest@43195e57]" started-at="2023-05-23T11:39:53 IST" name="validateGoogle" finished-at="2023-05-23T11:40:36 IST" duration-ms="43210" status="PASS">
          <reporter-output>
          </reporter-output>
        </test-method> <!-- validateGoogle -->
      </class> <!-- a1_googleTest.A1_GoogleTest -->
    </test> <!-- Google Test -->
  </suite> <!-- Gooogle Suite -->
</testng-results>
